\BOOKMARK [1][-]{section.1}{Introduction}{}% 1
\BOOKMARK [1][-]{section.2}{Methods}{}% 2
\BOOKMARK [2][-]{subsection.2.1}{submethod 1: Scan}{section.2}% 3
\BOOKMARK [2][-]{subsection.2.2}{submethod 2: Passive analysis}{section.2}% 4
\BOOKMARK [2][-]{subsection.2.3}{submethod 3: Replay Attack}{section.2}% 5
\BOOKMARK [2][-]{subsection.2.4}{submethod 4: Vulnerabilities scan}{section.2}% 6
\BOOKMARK [1][-]{section.3}{Experiment}{}% 7
\BOOKMARK [2][-]{subsection.3.1}{Test Environment}{section.3}% 8
\BOOKMARK [2][-]{subsection.3.2}{Experiment 1: Scan}{section.3}% 9
\BOOKMARK [2][-]{subsection.3.3}{submExperiment 2: Passive analysis}{section.3}% 10
\BOOKMARK [2][-]{subsection.3.4}{Experimentx 3: Replay Attack }{section.3}% 11
\BOOKMARK [2][-]{subsection.3.5}{Experimentx 4: Vulnerabilities scan }{section.3}% 12
\BOOKMARK [1][-]{section.4}{Results}{}% 13
\BOOKMARK [2][-]{subsection.4.1}{sResults 1: Scan}{section.4}% 14
\BOOKMARK [2][-]{subsection.4.2}{Results 2: Passive analysis}{section.4}% 15
\BOOKMARK [2][-]{subsection.4.3}{subResults 3: Replay Attack }{section.4}% 16
\BOOKMARK [2][-]{subsection.4.4}{subResults 4: Vulnerabilities scan }{section.4}% 17
\BOOKMARK [1][-]{section.5}{Discussion}{}% 18
\BOOKMARK [1][-]{section.6}{Conclusion}{}% 19
\BOOKMARK [1][-]{section.7}{Future}{}% 20
